<?xml version="1.0" encoding="UTF-8"?>
<!-- Generated by org.testng.reporters.JUnitXMLReporter -->
<testsuite ignored="1" hostname="Sam-PC" failures="0" tests="10" name="1" time="151.173" errors="0" timestamp="2020-08-05T17:11:56 IST">
  <testcase classname="takeaway.RestAppTest" name="VerifyIfRestaurantIsListed" time="45.337"/>
  <testcase classname="takeaway.RestAppTest" name="VerifyIfRestaurantIsListed" time="37.081"/>
  <testcase classname="takeaway.RestAppTest" name="VerifyIfRestaurantsAreListed" time="16.47"/>
  <testcase classname="takeaway.RestAppTest" name="VerifyIfRestaurantsAreListed" time="29.748"/>
  <testcase classname="takeaway.RestAppTest" name="VerifyIfRestaurantsAreListed" time="16.091"/>
  <testcase classname="takeaway.RestAppTest" name="VerifyIfRestaurantsAreListed" time="19.355"/>
  <testcase classname="takeaway.RestAppTest" name="VerifyIfRestaurantsAreListed" time="16.356"/>
  <testcase classname="takeaway.RestAppTest" name="VerifyIfRestaurantsAreListed" time="15.436"/>
  <testcase classname="takeaway.RestAppTest" name="VerifyIfRestaurantsAreListed" time="16.925"/>
  <testcase classname="takeaway.RestAppTest" name="VerifyIfRestaurantsAreListed" time="15.121"/>
  <testcase classname="takeaway.RestAppTest" name="verifyOrderPlacementFlow" time="0.0">
    <ignored/>
  </testcase> <!-- verifyOrderPlacementFlow -->
</testsuite> <!-- 1 -->
