<?xml version="1.0" encoding="UTF-8"?>
<!-- Generated by org.testng.reporters.JUnitXMLReporter -->
<testsuite ignored="2" hostname="Sam-PC" failures="0" tests="1" name="Test" time="78.873" errors="0" timestamp="2020-08-05T16:51:10 IST">
  <testcase classname="takeaway.RestAppTest" name="VerifyIfRestaurantIsListed" time="32.38"/>
  <testcase classname="takeaway.RestAppTest" name="VerifyIfRestaurantsAreListed" time="0.0">
    <ignored/>
  </testcase> <!-- VerifyIfRestaurantsAreListed -->
  <testcase classname="takeaway.RestAppTest" name="verifyOrderPlacementFlow" time="0.0">
    <ignored/>
  </testcase> <!-- verifyOrderPlacementFlow -->
</testsuite> <!-- Test -->
