<?xml version="1.0" encoding="UTF-8"?>
<!-- Generated by org.testng.reporters.JUnitXMLReporter -->
<testsuite ignored="0" hostname="Sam-PC" failures="0" tests="6" name="Test" time="72.811" errors="0" timestamp="2020-08-03T17:57:45 IST">
  <testcase classname="takeaway.RestAppTest" name="VerifyIfRestaurantIsListed" time="9.242"/>
  <testcase classname="takeaway.RestAppTest" name="verifyOrderPlacementFlow" time="14.31"/>
  <testcase classname="takeaway.RestAppTest" name="VerifyIfRestaurantsAreListed" time="9.525"/>
  <testcase classname="takeaway.RestAppTest" name="VerifyIfRestaurantsAreListed" time="9.4"/>
  <testcase classname="takeaway.RestAppTest" name="VerifyIfRestaurantsAreListed" time="9.744"/>
  <testcase classname="takeaway.RestAppTest" name="VerifyIfRestaurantsAreListed" time="9.082"/>
</testsuite> <!-- Test -->
