<?xml version="1.0" encoding="UTF-8"?>
<testng-results ignored="2" total="12" passed="10" failed="0" skipped="0">
  <reporter-output>
  </reporter-output>
  <suite started-at="2020-08-05T17:09:23 IST" name="Suite" finished-at="2020-08-05T17:12:00 IST" duration-ms="156493">
    <groups>
    </groups>
    <test started-at="2020-08-05T17:09:23 IST" name="1" finished-at="2020-08-05T17:11:55 IST" duration-ms="151173">
      <class name="takeaway.RestAppTest">
        <test-method is-config="true" signature="Setup(java.lang.String)[pri:0, instance:takeaway.RestAppTest@3f07b12c]" started-at="2020-08-05T17:09:23 IST" name="Setup" finished-at="2020-08-05T17:09:40 IST" duration-ms="16102" status="PASS">
          <params>
            <param index="0">
              <value>
                <![CDATA[firefox]]>
              </value>
            </param>
          </params>
          <reporter-output>
          </reporter-output>
        </test-method> <!-- Setup -->
        <test-method is-config="true" signature="refreshURL()[pri:0, instance:takeaway.RestAppTest@3f07b12c]" started-at="2020-08-05T17:09:40 IST" name="refreshURL" finished-at="2020-08-05T17:09:58 IST" duration-ms="18101" status="PASS">
          <reporter-output>
          </reporter-output>
        </test-method> <!-- refreshURL -->
        <test-method signature="VerifyIfRestaurantIsListed()[pri:1, instance:takeaway.RestAppTest@3f07b12c]" started-at="2020-08-05T17:09:58 IST" name="VerifyIfRestaurantIsListed" finished-at="2020-08-05T17:10:35 IST" duration-ms="37081" status="PASS">
          <reporter-output>
          </reporter-output>
        </test-method> <!-- VerifyIfRestaurantIsListed -->
        <test-method is-config="true" signature="refreshURL()[pri:0, instance:takeaway.RestAppTest@3f07b12c]" started-at="2020-08-05T17:10:35 IST" name="refreshURL" finished-at="2020-08-05T17:10:39 IST" duration-ms="4214" status="PASS">
          <reporter-output>
          </reporter-output>
        </test-method> <!-- refreshURL -->
        <test-method signature="VerifyIfRestaurantsAreListed(java.lang.String, java.lang.String)[pri:3, instance:takeaway.RestAppTest@3f07b12c]" started-at="2020-08-05T17:10:39 IST" name="VerifyIfRestaurantsAreListed" data-provider="PlaceOrder" finished-at="2020-08-05T17:10:55 IST" duration-ms="16470" status="PASS">
          <params>
            <param index="0">
              <value>
                <![CDATA[8888]]>
              </value>
            </param>
            <param index="1">
              <value>
                <![CDATA[test restaurant selenium]]>
              </value>
            </param>
          </params>
          <reporter-output>
          </reporter-output>
        </test-method> <!-- VerifyIfRestaurantsAreListed -->
        <test-method is-config="true" signature="refreshURL()[pri:0, instance:takeaway.RestAppTest@3f07b12c]" started-at="2020-08-05T17:10:55 IST" name="refreshURL" finished-at="2020-08-05T17:10:56 IST" duration-ms="653" status="PASS">
          <reporter-output>
          </reporter-output>
        </test-method> <!-- refreshURL -->
        <test-method signature="VerifyIfRestaurantsAreListed(java.lang.String, java.lang.String)[pri:3, instance:takeaway.RestAppTest@3f07b12c]" started-at="2020-08-05T17:10:56 IST" name="VerifyIfRestaurantsAreListed" data-provider="PlaceOrder" finished-at="2020-08-05T17:11:12 IST" duration-ms="16091" status="PASS">
          <params>
            <param index="0">
              <value>
                <![CDATA[8888]]>
              </value>
            </param>
            <param index="1">
              <value>
                <![CDATA[mevlana]]>
              </value>
            </param>
          </params>
          <reporter-output>
          </reporter-output>
        </test-method> <!-- VerifyIfRestaurantsAreListed -->
        <test-method is-config="true" signature="refreshURL()[pri:0, instance:takeaway.RestAppTest@3f07b12c]" started-at="2020-08-05T17:11:12 IST" name="refreshURL" finished-at="2020-08-05T17:11:13 IST" duration-ms="409" status="PASS">
          <reporter-output>
          </reporter-output>
        </test-method> <!-- refreshURL -->
        <test-method signature="VerifyIfRestaurantsAreListed(java.lang.String, java.lang.String)[pri:3, instance:takeaway.RestAppTest@3f07b12c]" started-at="2020-08-05T17:11:13 IST" name="VerifyIfRestaurantsAreListed" data-provider="PlaceOrder" finished-at="2020-08-05T17:11:29 IST" duration-ms="16356" status="PASS">
          <params>
            <param index="0">
              <value>
                <![CDATA[8888]]>
              </value>
            </param>
            <param index="1">
              <value>
                <![CDATA[vincent]]>
              </value>
            </param>
          </params>
          <reporter-output>
          </reporter-output>
        </test-method> <!-- VerifyIfRestaurantsAreListed -->
        <test-method is-config="true" signature="refreshURL()[pri:0, instance:takeaway.RestAppTest@3f07b12c]" started-at="2020-08-05T17:11:29 IST" name="refreshURL" finished-at="2020-08-05T17:11:30 IST" duration-ms="1001" status="PASS">
          <reporter-output>
          </reporter-output>
        </test-method> <!-- refreshURL -->
        <test-method signature="VerifyIfRestaurantsAreListed(java.lang.String, java.lang.String)[pri:3, instance:takeaway.RestAppTest@3f07b12c]" started-at="2020-08-05T17:11:30 IST" name="VerifyIfRestaurantsAreListed" data-provider="PlaceOrder" finished-at="2020-08-05T17:11:47 IST" duration-ms="16925" status="PASS">
          <params>
            <param index="0">
              <value>
                <![CDATA[8888]]>
              </value>
            </param>
            <param index="1">
              <value>
                <![CDATA[sushi]]>
              </value>
            </param>
          </params>
          <reporter-output>
          </reporter-output>
        </test-method> <!-- VerifyIfRestaurantsAreListed -->
        <test-method is-config="true" signature="Teardown()[pri:0, instance:takeaway.RestAppTest@3f07b12c]" started-at="2020-08-05T17:11:47 IST" name="Teardown" finished-at="2020-08-05T17:11:55 IST" duration-ms="7719" status="PASS">
          <reporter-output>
          </reporter-output>
        </test-method> <!-- Teardown -->
      </class> <!-- takeaway.RestAppTest -->
    </test> <!-- 1 -->
    <test started-at="2020-08-05T17:09:23 IST" name="2" finished-at="2020-08-05T17:12:00 IST" duration-ms="156493">
      <class name="takeaway.RestAppTest">
        <test-method is-config="true" signature="Setup(java.lang.String)[pri:0, instance:takeaway.RestAppTest@774698ab]" started-at="2020-08-05T17:09:23 IST" name="Setup" finished-at="2020-08-05T17:09:30 IST" duration-ms="6998" status="PASS">
          <params>
            <param index="0">
              <value>
                <![CDATA[chrome]]>
              </value>
            </param>
          </params>
          <reporter-output>
          </reporter-output>
        </test-method> <!-- Setup -->
        <test-method is-config="true" signature="refreshURL()[pri:0, instance:takeaway.RestAppTest@774698ab]" started-at="2020-08-05T17:09:31 IST" name="refreshURL" finished-at="2020-08-05T17:09:44 IST" duration-ms="13155" status="PASS">
          <reporter-output>
          </reporter-output>
        </test-method> <!-- refreshURL -->
        <test-method signature="VerifyIfRestaurantIsListed()[pri:1, instance:takeaway.RestAppTest@774698ab]" started-at="2020-08-05T17:09:44 IST" name="VerifyIfRestaurantIsListed" finished-at="2020-08-05T17:10:29 IST" duration-ms="45337" status="PASS">
          <reporter-output>
          </reporter-output>
        </test-method> <!-- VerifyIfRestaurantIsListed -->
        <test-method is-config="true" signature="refreshURL()[pri:0, instance:takeaway.RestAppTest@774698ab]" started-at="2020-08-05T17:10:29 IST" name="refreshURL" finished-at="2020-08-05T17:10:30 IST" duration-ms="707" status="PASS">
          <reporter-output>
          </reporter-output>
        </test-method> <!-- refreshURL -->
        <test-method signature="VerifyIfRestaurantsAreListed(java.lang.String, java.lang.String)[pri:3, instance:takeaway.RestAppTest@774698ab]" started-at="2020-08-05T17:10:30 IST" name="VerifyIfRestaurantsAreListed" data-provider="PlaceOrder" finished-at="2020-08-05T17:11:00 IST" duration-ms="29748" status="PASS">
          <params>
            <param index="0">
              <value>
                <![CDATA[8888]]>
              </value>
            </param>
            <param index="1">
              <value>
                <![CDATA[test restaurant selenium]]>
              </value>
            </param>
          </params>
          <reporter-output>
          </reporter-output>
        </test-method> <!-- VerifyIfRestaurantsAreListed -->
        <test-method is-config="true" signature="refreshURL()[pri:0, instance:takeaway.RestAppTest@774698ab]" started-at="2020-08-05T17:11:00 IST" name="refreshURL" finished-at="2020-08-05T17:11:00 IST" duration-ms="600" status="PASS">
          <reporter-output>
          </reporter-output>
        </test-method> <!-- refreshURL -->
        <test-method signature="VerifyIfRestaurantsAreListed(java.lang.String, java.lang.String)[pri:3, instance:takeaway.RestAppTest@774698ab]" started-at="2020-08-05T17:11:00 IST" name="VerifyIfRestaurantsAreListed" data-provider="PlaceOrder" finished-at="2020-08-05T17:11:20 IST" duration-ms="19355" status="PASS">
          <params>
            <param index="0">
              <value>
                <![CDATA[8888]]>
              </value>
            </param>
            <param index="1">
              <value>
                <![CDATA[mevlana]]>
              </value>
            </param>
          </params>
          <reporter-output>
          </reporter-output>
        </test-method> <!-- VerifyIfRestaurantsAreListed -->
        <test-method is-config="true" signature="refreshURL()[pri:0, instance:takeaway.RestAppTest@774698ab]" started-at="2020-08-05T17:11:20 IST" name="refreshURL" finished-at="2020-08-05T17:11:20 IST" duration-ms="816" status="PASS">
          <reporter-output>
          </reporter-output>
        </test-method> <!-- refreshURL -->
        <test-method signature="VerifyIfRestaurantsAreListed(java.lang.String, java.lang.String)[pri:3, instance:takeaway.RestAppTest@774698ab]" started-at="2020-08-05T17:11:20 IST" name="VerifyIfRestaurantsAreListed" data-provider="PlaceOrder" finished-at="2020-08-05T17:11:36 IST" duration-ms="15436" status="PASS">
          <params>
            <param index="0">
              <value>
                <![CDATA[8888]]>
              </value>
            </param>
            <param index="1">
              <value>
                <![CDATA[vincent]]>
              </value>
            </param>
          </params>
          <reporter-output>
          </reporter-output>
        </test-method> <!-- VerifyIfRestaurantsAreListed -->
        <test-method is-config="true" signature="refreshURL()[pri:0, instance:takeaway.RestAppTest@774698ab]" started-at="2020-08-05T17:11:36 IST" name="refreshURL" finished-at="2020-08-05T17:11:37 IST" duration-ms="824" status="PASS">
          <reporter-output>
          </reporter-output>
        </test-method> <!-- refreshURL -->
        <test-method signature="VerifyIfRestaurantsAreListed(java.lang.String, java.lang.String)[pri:3, instance:takeaway.RestAppTest@774698ab]" started-at="2020-08-05T17:11:37 IST" name="VerifyIfRestaurantsAreListed" data-provider="PlaceOrder" finished-at="2020-08-05T17:11:52 IST" duration-ms="15121" status="PASS">
          <params>
            <param index="0">
              <value>
                <![CDATA[8888]]>
              </value>
            </param>
            <param index="1">
              <value>
                <![CDATA[sushi]]>
              </value>
            </param>
          </params>
          <reporter-output>
          </reporter-output>
        </test-method> <!-- VerifyIfRestaurantsAreListed -->
        <test-method is-config="true" signature="Teardown()[pri:0, instance:takeaway.RestAppTest@774698ab]" started-at="2020-08-05T17:11:52 IST" name="Teardown" finished-at="2020-08-05T17:12:00 IST" duration-ms="8247" status="PASS">
          <reporter-output>
          </reporter-output>
        </test-method> <!-- Teardown -->
      </class> <!-- takeaway.RestAppTest -->
    </test> <!-- 2 -->
  </suite> <!-- Suite -->
</testng-results>
